This file contains any messages produced by compilers while
running configure, to aid debugging if configure makes a mistake.

It was created by RONN configure 3.2, which was
generated by GNU Autoconf 2.68.  Invocation command line was

  $ ./configure 

## --------- ##
## Platform. ##
## --------- ##

hostname = jackfruit.local
uname -m = x86_64
uname -r = 15.5.0
uname -s = Darwin
uname -v = Darwin Kernel Version 15.5.0: Tue Apr 19 18:36:36 PDT 2016; root:xnu-3248.50.21~8/RELEASE_X86_64

/usr/bin/uname -p = i386
/bin/uname -X     = unknown

/bin/arch              = unknown
/usr/bin/arch -k       = unknown
/usr/convex/getsysinfo = unknown
/usr/bin/hostinfo      = Mach kernel version:
	 Darwin Kernel Version 15.5.0: Tue Apr 19 18:36:36 PDT 2016; root:xnu-3248.50.21~8/RELEASE_X86_64
Kernel configured for up to 4 processors.
2 processors are physically available.
4 processors are logically available.
Processor type: x86_64h (Intel x86-64h Haswell)
Processors active: 0 1 2 3
Primary memory available: 8.00 gigabytes
Default processor set: 273 tasks, 1549 threads, 4 processors
Load average: 4.66, Mach factor: 1.53
/bin/machine           = unknown
/usr/bin/oslevel       = unknown
/bin/universe          = unknown

PATH: /Users/saladi/anaconda3/bin
PATH: /Users/saladi/bin
PATH: /Library/TeX/texbin
PATH: /usr/local/bin
PATH: /usr/bin
PATH: /bin
PATH: /usr/sbin
PATH: /sbin
PATH: /opt/X11/bin


## ----------- ##
## Core tests. ##
## ----------- ##

configure:2271: checking for a BSD-compatible install
configure:2339: result: /usr/bin/install -c
configure:2350: checking whether build environment is sane
configure:2400: result: yes
configure:2541: checking for a thread-safe mkdir -p
configure:2580: result: ./install-sh -c -d
configure:2593: checking for gawk
configure:2623: result: no
configure:2593: checking for mawk
configure:2623: result: no
configure:2593: checking for nawk
configure:2623: result: no
configure:2593: checking for awk
configure:2609: found /usr/bin/awk
configure:2620: result: awk
configure:2631: checking whether make sets $(MAKE)
configure:2653: result: yes
configure:2763: checking build system type
configure:2777: result: x86_64-apple-darwin15.5.0
configure:2797: checking host system type
configure:2810: result: x86_64-apple-darwin15.5.0
configure:2851: checking how to print strings
configure:2878: result: printf
configure:2911: checking for style of include used by make
configure:2939: result: GNU
configure:3010: checking for gcc
configure:3026: found /usr/bin/gcc
configure:3037: result: gcc
configure:3266: checking for C compiler version
configure:3275: gcc --version >&5
Apple LLVM version 7.3.0 (clang-703.0.31)
Target: x86_64-apple-darwin15.5.0
Thread model: posix
InstalledDir: /Library/Developer/CommandLineTools/usr/bin
Configured with: --prefix=/Library/Developer/CommandLineTools/usr --with-gxx-include-dir=/usr/include/c++/4.2.1
configure:3286: $? = 0
configure:3275: gcc -v >&5
Configured with: --prefix=/Library/Developer/CommandLineTools/usr --with-gxx-include-dir=/usr/include/c++/4.2.1
Apple LLVM version 7.3.0 (clang-703.0.31)
Target: x86_64-apple-darwin15.5.0
Thread model: posix
InstalledDir: /Library/Developer/CommandLineTools/usr/bin
configure:3286: $? = 0
configure:3275: gcc -V >&5
clang: error: argument to '-V' is missing (expected 1 value)
clang: error: no input files
configure:3286: $? = 1
configure:3275: gcc -qversion >&5
clang: error: unknown argument: '-qversion'
clang: error: no input files
configure:3286: $? = 1
configure:3306: checking whether the C compiler works
configure:3328: gcc    conftest.c  >&5
configure:3332: $? = 0
configure:3380: result: yes
configure:3383: checking for C compiler default output file name
configure:3385: result: a.out
configure:3391: checking for suffix of executables
configure:3398: gcc -o conftest    conftest.c  >&5
configure:3402: $? = 0
configure:3424: result: 
configure:3446: checking whether we are cross compiling
configure:3454: gcc -o conftest    conftest.c  >&5
configure:3458: $? = 0
configure:3465: ./conftest
configure:3469: $? = 0
configure:3484: result: no
configure:3489: checking for suffix of object files
configure:3511: gcc -c   conftest.c >&5
configure:3515: $? = 0
configure:3536: result: o
configure:3540: checking whether we are using the GNU C compiler
configure:3559: gcc -c   conftest.c >&5
configure:3559: $? = 0
configure:3568: result: yes
configure:3577: checking whether gcc accepts -g
configure:3597: gcc -c -g  conftest.c >&5
configure:3597: $? = 0
configure:3638: result: yes
configure:3655: checking for gcc option to accept ISO C89
configure:3719: gcc  -c -g -O2  conftest.c >&5
configure:3719: $? = 0
configure:3732: result: none needed
configure:3754: checking dependency style of gcc
configure:3865: result: gcc3
configure:3880: checking for a sed that does not truncate output
configure:3944: result: /usr/bin/sed
configure:3962: checking for grep that handles long lines and -e
configure:4020: result: /usr/bin/grep
configure:4025: checking for egrep
configure:4087: result: /usr/bin/grep -E
configure:4092: checking for fgrep
configure:4154: result: /usr/bin/grep -F
configure:4189: checking for ld used by gcc
configure:4256: result: /Library/Developer/CommandLineTools/usr/bin/ld
configure:4263: checking if the linker (/Library/Developer/CommandLineTools/usr/bin/ld) is GNU ld
configure:4278: result: no
configure:4290: checking for BSD- or MS-compatible name lister (nm)
configure:4339: result: /usr/bin/nm -B
configure:4469: checking the name lister (/usr/bin/nm -B) interface
configure:4476: gcc -c -g -O2  conftest.c >&5
configure:4479: /usr/bin/nm -B "conftest.o"
configure:4482: output
00000000000001e0 S _some_variable
configure:4489: result: BSD nm
configure:4492: checking whether ln -s works
configure:4496: result: yes
configure:4504: checking the maximum length of command line arguments
configure:4634: result: 196608
configure:4651: checking whether the shell understands some XSI constructs
configure:4661: result: yes
configure:4665: checking whether the shell understands "+="
configure:4671: result: yes
configure:4706: checking how to convert x86_64-apple-darwin15.5.0 file names to x86_64-apple-darwin15.5.0 format
configure:4746: result: func_convert_file_noop
configure:4753: checking how to convert x86_64-apple-darwin15.5.0 file names to toolchain format
configure:4773: result: func_convert_file_noop
configure:4780: checking for /Library/Developer/CommandLineTools/usr/bin/ld option to reload object files
configure:4787: result: -r
configure:4861: checking for objdump
configure:4891: result: no
configure:4920: checking how to recognize dependent libraries
configure:5122: result: pass_all
configure:5207: checking for dlltool
configure:5237: result: no
configure:5267: checking how to associate runtime and link libraries
configure:5294: result: printf %s\n
configure:5355: checking for ar
configure:5371: found /usr/bin/ar
configure:5382: result: ar
configure:5419: checking for archiver @FILE support
configure:5436: gcc -c -g -O2  conftest.c >&5
configure:5436: $? = 0
configure:5439: ar cru libconftest.a @conftest.lst >&5
ar: @conftest.lst: No such file or directory
configure:5442: $? = 1
configure:5462: result: no
configure:5520: checking for strip
configure:5536: found /usr/bin/strip
configure:5547: result: strip
configure:5619: checking for ranlib
configure:5635: found /usr/bin/ranlib
configure:5646: result: ranlib
configure:5748: checking command to parse /usr/bin/nm -B output from gcc object
configure:5868: gcc -c -g -O2  conftest.c >&5
configure:5871: $? = 0
configure:5875: /usr/bin/nm -B conftest.o \| sed -n -e 's/^.*[ ]\([BCDEGRST][BCDEGRST]*\)[ ][ ]*\([_A-Za-z][_A-Za-z0-9]*\)$/\1 \2 \2/p' | sed '/ __gnu_lto/d' \> conftest.nm
configure:5878: $? = 0
cannot find nm_test_var in conftest.nm
configure:5868: gcc -c -g -O2  conftest.c >&5
configure:5871: $? = 0
configure:5875: /usr/bin/nm -B conftest.o \| sed -n -e 's/^.*[ ]\([BCDEGRST][BCDEGRST]*\)[ ][ ]*_\([_A-Za-z][_A-Za-z0-9]*\)$/\1 _\2 \2/p' | sed '/ __gnu_lto/d' \> conftest.nm
configure:5878: $? = 0
configure:5944: gcc -o conftest -g -O2   conftest.c conftstm.o >&5
warning: (x86_64)  could not find object file symbol for symbol _main
configure:5947: $? = 0
configure:5985: result: ok
configure:6022: checking for sysroot
configure:6052: result: no
configure:6308: checking for mt
configure:6338: result: no
configure:6358: checking if : is a manifest tool
configure:6364: : '-?'
configure:6372: result: no
configure:6428: checking for dsymutil
configure:6444: found /usr/bin/dsymutil
configure:6455: result: dsymutil
configure:6520: checking for nmedit
configure:6536: found /usr/bin/nmedit
configure:6547: result: nmedit
configure:6612: checking for lipo
configure:6628: found /usr/bin/lipo
configure:6639: result: lipo
configure:6704: checking for otool
configure:6720: found /usr/bin/otool
configure:6731: result: otool
configure:6796: checking for otool64
configure:6826: result: no
configure:6871: checking for -single_module linker flag
gcc -g -O2  -o libconftest.dylib -dynamiclib -Wl,-single_module conftest.c
configure:6904: result: yes
configure:6907: checking for -exported_symbols_list linker flag
configure:6927: gcc -o conftest -g -O2   -Wl,-exported_symbols_list,conftest.sym conftest.c  >&5
configure:6927: $? = 0
configure:6937: result: yes
configure:6940: checking for -force_load linker flag
gcc -g -O2 -c -o conftest.o conftest.c
ar cru libconftest.a conftest.o
ranlib libconftest.a
gcc -g -O2  -o conftest conftest.c -Wl,-force_load,./libconftest.a
configure:6972: result: yes
configure:7014: checking how to run the C preprocessor
configure:7045: gcc -E  conftest.c
configure:7045: $? = 0
configure:7059: gcc -E  conftest.c
conftest.c:11:10: fatal error: 'ac_nonexistent.h' file not found
#include <ac_nonexistent.h>
         ^
1 error generated.
configure:7059: $? = 1
configure: failed program was:
| /* confdefs.h */
| #define PACKAGE_NAME "RONN"
| #define PACKAGE_TARNAME "ronn"
| #define PACKAGE_VERSION "3.2"
| #define PACKAGE_STRING "RONN 3.2"
| #define PACKAGE_BUGREPORT "varun@strubi.ox.ac.uk"
| #define PACKAGE_URL ""
| #define PACKAGE "ronn"
| #define VERSION "3.2"
| /* end confdefs.h.  */
| #include <ac_nonexistent.h>
configure:7084: result: gcc -E
configure:7104: gcc -E  conftest.c
configure:7104: $? = 0
configure:7118: gcc -E  conftest.c
conftest.c:11:10: fatal error: 'ac_nonexistent.h' file not found
#include <ac_nonexistent.h>
         ^
1 error generated.
configure:7118: $? = 1
configure: failed program was:
| /* confdefs.h */
| #define PACKAGE_NAME "RONN"
| #define PACKAGE_TARNAME "ronn"
| #define PACKAGE_VERSION "3.2"
| #define PACKAGE_STRING "RONN 3.2"
| #define PACKAGE_BUGREPORT "varun@strubi.ox.ac.uk"
| #define PACKAGE_URL ""
| #define PACKAGE "ronn"
| #define VERSION "3.2"
| /* end confdefs.h.  */
| #include <ac_nonexistent.h>
configure:7147: checking for ANSI C header files
configure:7167: gcc -c -g -O2  conftest.c >&5
configure:7167: $? = 0
configure:7240: gcc -o conftest -g -O2   conftest.c  >&5
configure:7240: $? = 0
configure:7240: ./conftest
configure:7240: $? = 0
configure:7251: result: yes
configure:7264: checking for sys/types.h
configure:7264: gcc -c -g -O2  conftest.c >&5
configure:7264: $? = 0
configure:7264: result: yes
configure:7264: checking for sys/stat.h
configure:7264: gcc -c -g -O2  conftest.c >&5
configure:7264: $? = 0
configure:7264: result: yes
configure:7264: checking for stdlib.h
configure:7264: gcc -c -g -O2  conftest.c >&5
configure:7264: $? = 0
configure:7264: result: yes
configure:7264: checking for string.h
configure:7264: gcc -c -g -O2  conftest.c >&5
configure:7264: $? = 0
configure:7264: result: yes
configure:7264: checking for memory.h
configure:7264: gcc -c -g -O2  conftest.c >&5
configure:7264: $? = 0
configure:7264: result: yes
configure:7264: checking for strings.h
configure:7264: gcc -c -g -O2  conftest.c >&5
configure:7264: $? = 0
configure:7264: result: yes
configure:7264: checking for inttypes.h
configure:7264: gcc -c -g -O2  conftest.c >&5
configure:7264: $? = 0
configure:7264: result: yes
configure:7264: checking for stdint.h
configure:7264: gcc -c -g -O2  conftest.c >&5
configure:7264: $? = 0
configure:7264: result: yes
configure:7264: checking for unistd.h
configure:7264: gcc -c -g -O2  conftest.c >&5
configure:7264: $? = 0
configure:7264: result: yes
configure:7278: checking for dlfcn.h
configure:7278: gcc -c -g -O2  conftest.c >&5
configure:7278: $? = 0
configure:7278: result: yes
configure:7484: checking for objdir
configure:7499: result: .libs
configure:7766: checking if gcc supports -fno-rtti -fno-exceptions
configure:7784: gcc -c -g -O2  -fno-rtti -fno-exceptions conftest.c >&5
configure:7788: $? = 0
configure:7801: result: yes
configure:8128: checking for gcc option to produce PIC
configure:8135: result: -fno-common -DPIC
configure:8143: checking if gcc PIC flag -fno-common -DPIC works
configure:8161: gcc -c -g -O2  -fno-common -DPIC -DPIC conftest.c >&5
configure:8165: $? = 0
configure:8178: result: yes
configure:8207: checking if gcc static flag -static works
configure:8235: result: no
configure:8250: checking if gcc supports -c -o file.o
configure:8271: gcc -c -g -O2  -o out/conftest2.o conftest.c >&5
configure:8275: $? = 0
configure:8297: result: yes
configure:8305: checking if gcc supports -c -o file.o
configure:8352: result: yes
configure:8385: checking whether the gcc linker (/Library/Developer/CommandLineTools/usr/bin/ld) supports shared libraries
configure:9542: result: yes
configure:9782: checking dynamic linker characteristics
configure:10527: result: darwin15.5.0 dyld
configure:10634: checking how to hardcode library paths into programs
configure:10659: result: immediate
configure:11199: checking whether stripping libraries is possible
configure:11213: result: yes
configure:11239: checking if libtool supports shared libraries
configure:11241: result: yes
configure:11244: checking whether to build shared libraries
configure:11265: result: yes
configure:11268: checking whether to build static libraries
configure:11272: result: yes
configure:11370: checking for g++
configure:11386: found /usr/bin/g++
configure:11397: result: g++
configure:11424: checking for C++ compiler version
configure:11433: g++ --version >&5
Apple LLVM version 7.3.0 (clang-703.0.31)
Target: x86_64-apple-darwin15.5.0
Thread model: posix
InstalledDir: /Library/Developer/CommandLineTools/usr/bin
Configured with: --prefix=/Library/Developer/CommandLineTools/usr --with-gxx-include-dir=/usr/include/c++/4.2.1
configure:11444: $? = 0
configure:11433: g++ -v >&5
Configured with: --prefix=/Library/Developer/CommandLineTools/usr --with-gxx-include-dir=/usr/include/c++/4.2.1
Apple LLVM version 7.3.0 (clang-703.0.31)
Target: x86_64-apple-darwin15.5.0
Thread model: posix
InstalledDir: /Library/Developer/CommandLineTools/usr/bin
configure:11444: $? = 0
configure:11433: g++ -V >&5
clang: error: argument to '-V' is missing (expected 1 value)
clang: error: no input files
configure:11444: $? = 1
configure:11433: g++ -qversion >&5
clang: error: unknown argument: '-qversion'
clang: error: no input files
configure:11444: $? = 1
configure:11448: checking whether we are using the GNU C++ compiler
configure:11467: g++ -c   conftest.cpp >&5
configure:11467: $? = 0
configure:11476: result: yes
configure:11485: checking whether g++ accepts -g
configure:11505: g++ -c -g  conftest.cpp >&5
configure:11505: $? = 0
configure:11546: result: yes
configure:11571: checking dependency style of g++
configure:11682: result: gcc3
configure:11715: checking how to run the C++ preprocessor
configure:11742: g++ -E  conftest.cpp
configure:11742: $? = 0
configure:11756: g++ -E  conftest.cpp
conftest.cpp:23:10: fatal error: 'ac_nonexistent.h' file not found
#include <ac_nonexistent.h>
         ^
1 error generated.
configure:11756: $? = 1
configure: failed program was:
| /* confdefs.h */
| #define PACKAGE_NAME "RONN"
| #define PACKAGE_TARNAME "ronn"
| #define PACKAGE_VERSION "3.2"
| #define PACKAGE_STRING "RONN 3.2"
| #define PACKAGE_BUGREPORT "varun@strubi.ox.ac.uk"
| #define PACKAGE_URL ""
| #define PACKAGE "ronn"
| #define VERSION "3.2"
| #define STDC_HEADERS 1
| #define HAVE_SYS_TYPES_H 1
| #define HAVE_SYS_STAT_H 1
| #define HAVE_STDLIB_H 1
| #define HAVE_STRING_H 1
| #define HAVE_MEMORY_H 1
| #define HAVE_STRINGS_H 1
| #define HAVE_INTTYPES_H 1
| #define HAVE_STDINT_H 1
| #define HAVE_UNISTD_H 1
| #define HAVE_DLFCN_H 1
| #define LT_OBJDIR ".libs/"
| /* end confdefs.h.  */
| #include <ac_nonexistent.h>
configure:11781: result: g++ -E
configure:11801: g++ -E  conftest.cpp
configure:11801: $? = 0
configure:11815: g++ -E  conftest.cpp
conftest.cpp:23:10: fatal error: 'ac_nonexistent.h' file not found
#include <ac_nonexistent.h>
         ^
1 error generated.
configure:11815: $? = 1
configure: failed program was:
| /* confdefs.h */
| #define PACKAGE_NAME "RONN"
| #define PACKAGE_TARNAME "ronn"
| #define PACKAGE_VERSION "3.2"
| #define PACKAGE_STRING "RONN 3.2"
| #define PACKAGE_BUGREPORT "varun@strubi.ox.ac.uk"
| #define PACKAGE_URL ""
| #define PACKAGE "ronn"
| #define VERSION "3.2"
| #define STDC_HEADERS 1
| #define HAVE_SYS_TYPES_H 1
| #define HAVE_SYS_STAT_H 1
| #define HAVE_STDLIB_H 1
| #define HAVE_STRING_H 1
| #define HAVE_MEMORY_H 1
| #define HAVE_STRINGS_H 1
| #define HAVE_INTTYPES_H 1
| #define HAVE_STDINT_H 1
| #define HAVE_UNISTD_H 1
| #define HAVE_DLFCN_H 1
| #define LT_OBJDIR ".libs/"
| /* end confdefs.h.  */
| #include <ac_nonexistent.h>
configure:11984: checking for ld used by g++
configure:12051: result: /Library/Developer/CommandLineTools/usr/bin/ld
configure:12058: checking if the linker (/Library/Developer/CommandLineTools/usr/bin/ld) is GNU ld
configure:12073: result: no
configure:12128: checking whether the g++ linker (/Library/Developer/CommandLineTools/usr/bin/ld) supports shared libraries
configure:13133: result: yes
configure:13169: g++ -c -g -O2  conftest.cpp >&5
configure:13172: $? = 0
configure:13692: checking for g++ option to produce PIC
configure:13699: result: -fno-common -DPIC
configure:13707: checking if g++ PIC flag -fno-common -DPIC works
configure:13725: g++ -c -g -O2  -fno-common -DPIC -DPIC conftest.cpp >&5
configure:13729: $? = 0
configure:13742: result: yes
configure:13765: checking if g++ static flag -static works
configure:13793: result: no
configure:13805: checking if g++ supports -c -o file.o
configure:13826: g++ -c -g -O2  -o out/conftest2.o conftest.cpp >&5
configure:13830: $? = 0
configure:13852: result: yes
configure:13857: checking if g++ supports -c -o file.o
configure:13904: result: yes
configure:13934: checking whether the g++ linker (/Library/Developer/CommandLineTools/usr/bin/ld) supports shared libraries
configure:13973: result: yes
configure:14114: checking dynamic linker characteristics
configure:14793: result: darwin15.5.0 dyld
configure:14846: checking how to hardcode library paths into programs
configure:14871: result: immediate
configure:15051: creating ./config.status

## ---------------------- ##
## Running config.status. ##
## ---------------------- ##

This file was extended by RONN config.status 3.2, which was
generated by GNU Autoconf 2.68.  Invocation command line was

  CONFIG_FILES    = 
  CONFIG_HEADERS  = 
  CONFIG_LINKS    = 
  CONFIG_COMMANDS = 
  $ ./config.status 

on jackfruit.local

config.status:1149: creating Makefile
config.status:1149: creating src/Makefile
config.status:1149: creating config.h
config.status:1330: config.h is unchanged
config.status:1378: executing depfiles commands
config.status:1378: executing libtool commands

## ---------------- ##
## Cache variables. ##
## ---------------- ##

ac_cv_build=x86_64-apple-darwin15.5.0
ac_cv_c_compiler_gnu=yes
ac_cv_cxx_compiler_gnu=yes
ac_cv_env_CCC_set=
ac_cv_env_CCC_value=
ac_cv_env_CC_set=
ac_cv_env_CC_value=
ac_cv_env_CFLAGS_set=
ac_cv_env_CFLAGS_value=
ac_cv_env_CPPFLAGS_set=
ac_cv_env_CPPFLAGS_value=
ac_cv_env_CPP_set=
ac_cv_env_CPP_value=
ac_cv_env_CXXCPP_set=
ac_cv_env_CXXCPP_value=
ac_cv_env_CXXFLAGS_set=
ac_cv_env_CXXFLAGS_value=
ac_cv_env_CXX_set=
ac_cv_env_CXX_value=
ac_cv_env_LDFLAGS_set=
ac_cv_env_LDFLAGS_value=
ac_cv_env_LIBS_set=
ac_cv_env_LIBS_value=
ac_cv_env_build_alias_set=
ac_cv_env_build_alias_value=
ac_cv_env_host_alias_set=
ac_cv_env_host_alias_value=
ac_cv_env_target_alias_set=
ac_cv_env_target_alias_value=
ac_cv_header_dlfcn_h=yes
ac_cv_header_inttypes_h=yes
ac_cv_header_memory_h=yes
ac_cv_header_stdc=yes
ac_cv_header_stdint_h=yes
ac_cv_header_stdlib_h=yes
ac_cv_header_string_h=yes
ac_cv_header_strings_h=yes
ac_cv_header_sys_stat_h=yes
ac_cv_header_sys_types_h=yes
ac_cv_header_unistd_h=yes
ac_cv_host=x86_64-apple-darwin15.5.0
ac_cv_objext=o
ac_cv_path_EGREP='/usr/bin/grep -E'
ac_cv_path_FGREP='/usr/bin/grep -F'
ac_cv_path_GREP=/usr/bin/grep
ac_cv_path_SED=/usr/bin/sed
ac_cv_path_install='/usr/bin/install -c'
ac_cv_prog_AWK=awk
ac_cv_prog_CPP='gcc -E'
ac_cv_prog_CXXCPP='g++ -E'
ac_cv_prog_ac_ct_AR=ar
ac_cv_prog_ac_ct_CC=gcc
ac_cv_prog_ac_ct_CXX=g++
ac_cv_prog_ac_ct_DSYMUTIL=dsymutil
ac_cv_prog_ac_ct_LIPO=lipo
ac_cv_prog_ac_ct_NMEDIT=nmedit
ac_cv_prog_ac_ct_OTOOL=otool
ac_cv_prog_ac_ct_RANLIB=ranlib
ac_cv_prog_ac_ct_STRIP=strip
ac_cv_prog_cc_c89=
ac_cv_prog_cc_g=yes
ac_cv_prog_cxx_g=yes
ac_cv_prog_make_make_set=yes
am_cv_CC_dependencies_compiler_type=gcc3
am_cv_CXX_dependencies_compiler_type=gcc3
lt_cv_apple_cc_single_mod=yes
lt_cv_ar_at_file=no
lt_cv_deplibs_check_method=pass_all
lt_cv_file_magic_cmd='$MAGIC_CMD'
lt_cv_file_magic_test_file=
lt_cv_ld_exported_symbols_list=yes
lt_cv_ld_force_load=yes
lt_cv_ld_reload_flag=-r
lt_cv_nm_interface='BSD nm'
lt_cv_objdir=.libs
lt_cv_path_LD=/Library/Developer/CommandLineTools/usr/bin/ld
lt_cv_path_LDCXX=/Library/Developer/CommandLineTools/usr/bin/ld
lt_cv_path_NM='/usr/bin/nm -B'
lt_cv_path_mainfest_tool=no
lt_cv_prog_compiler_c_o=yes
lt_cv_prog_compiler_c_o_CXX=yes
lt_cv_prog_compiler_pic='-fno-common -DPIC'
lt_cv_prog_compiler_pic_CXX='-fno-common -DPIC'
lt_cv_prog_compiler_pic_works=yes
lt_cv_prog_compiler_pic_works_CXX=yes
lt_cv_prog_compiler_rtti_exceptions=yes
lt_cv_prog_compiler_static_works=no
lt_cv_prog_compiler_static_works_CXX=no
lt_cv_prog_gnu_ld=no
lt_cv_prog_gnu_ldcxx=no
lt_cv_sharedlib_from_linklib_cmd='printf %s\n'
lt_cv_sys_global_symbol_pipe='sed -n -e '\''s/^.*[	 ]\([BCDEGRST][BCDEGRST]*\)[	 ][	 ]*_\([_A-Za-z][_A-Za-z0-9]*\)$/\1 _\2 \2/p'\'' | sed '\''/ __gnu_lto/d'\'''
lt_cv_sys_global_symbol_to_c_name_address='sed -n -e '\''s/^: \([^ ]*\)[ ]*$/  {\"\1\", (void *) 0},/p'\'' -e '\''s/^[BCDEGRST]* \([^ ]*\) \([^ ]*\)$/  {"\2", (void *) \&\2},/p'\'''
lt_cv_sys_global_symbol_to_c_name_address_lib_prefix='sed -n -e '\''s/^: \([^ ]*\)[ ]*$/  {\"\1\", (void *) 0},/p'\'' -e '\''s/^[BCDEGRST]* \([^ ]*\) \(lib[^ ]*\)$/  {"\2", (void *) \&\2},/p'\'' -e '\''s/^[BCDEGRST]* \([^ ]*\) \([^ ]*\)$/  {"lib\2", (void *) \&\2},/p'\'''
lt_cv_sys_global_symbol_to_cdecl='sed -n -e '\''s/^T .* \(.*\)$/extern int \1();/p'\'' -e '\''s/^[BCDEGRST]* .* \(.*\)$/extern char \1;/p'\'''
lt_cv_sys_max_cmd_len=196608
lt_cv_to_host_file_cmd=func_convert_file_noop
lt_cv_to_tool_file_cmd=func_convert_file_noop

## ----------------- ##
## Output variables. ##
## ----------------- ##

ACLOCAL='${SHELL} /Users/saladi/ronn/missing --run aclocal-1.11'
AMDEPBACKSLASH='\'
AMDEP_FALSE='#'
AMDEP_TRUE=''
AMTAR='$${TAR-tar}'
AR='ar'
AUTOCONF='${SHELL} /Users/saladi/ronn/missing --run autoconf'
AUTOHEADER='${SHELL} /Users/saladi/ronn/missing --run autoheader'
AUTOMAKE='${SHELL} /Users/saladi/ronn/missing --run automake-1.11'
AWK='awk'
CC='gcc'
CCDEPMODE='depmode=gcc3'
CFLAGS='-g -O2'
CPP='gcc -E'
CPPFLAGS=''
CXX='g++'
CXXCPP='g++ -E'
CXXDEPMODE='depmode=gcc3'
CXXFLAGS='-g -O2'
CYGPATH_W='echo'
DEFS='-DHAVE_CONFIG_H'
DEPDIR='.deps'
DLLTOOL='false'
DSYMUTIL='dsymutil'
DUMPBIN=''
ECHO_C='\c'
ECHO_N=''
ECHO_T=''
EGREP='/usr/bin/grep -E'
EXEEXT=''
FGREP='/usr/bin/grep -F'
GREP='/usr/bin/grep'
INSTALL_DATA='${INSTALL} -m 644'
INSTALL_PROGRAM='${INSTALL}'
INSTALL_SCRIPT='${INSTALL}'
INSTALL_STRIP_PROGRAM='$(install_sh) -c -s'
LD='/Library/Developer/CommandLineTools/usr/bin/ld'
LDFLAGS=''
LIBOBJS=''
LIBS=''
LIBTOOL='$(SHELL) $(top_builddir)/libtool'
LIPO='lipo'
LN_S='ln -s'
LTLIBOBJS=''
MAKEINFO='${SHELL} /Users/saladi/ronn/missing --run makeinfo'
MANIFEST_TOOL=':'
MKDIR_P='./install-sh -c -d'
NM='/usr/bin/nm -B'
NMEDIT='nmedit'
OBJDUMP='false'
OBJEXT='o'
OTOOL64=':'
OTOOL='otool'
PACKAGE='ronn'
PACKAGE_BUGREPORT='varun@strubi.ox.ac.uk'
PACKAGE_NAME='RONN'
PACKAGE_STRING='RONN 3.2'
PACKAGE_TARNAME='ronn'
PACKAGE_URL=''
PACKAGE_VERSION='3.2'
PATH_SEPARATOR=':'
RANLIB='ranlib'
SED='/usr/bin/sed'
SET_MAKE=''
SHELL='/bin/sh'
STRIP='strip'
VERSION='3.2'
ac_ct_AR='ar'
ac_ct_CC='gcc'
ac_ct_CXX='g++'
ac_ct_DUMPBIN=''
am__EXEEXT_FALSE=''
am__EXEEXT_TRUE='#'
am__fastdepCC_FALSE='#'
am__fastdepCC_TRUE=''
am__fastdepCXX_FALSE='#'
am__fastdepCXX_TRUE=''
am__include='include'
am__isrc=''
am__leading_dot='.'
am__nodep='_no'
am__quote=''
am__tar='$${TAR-tar} chof - "$$tardir"'
am__untar='$${TAR-tar} xf -'
bindir='${exec_prefix}/bin'
build='x86_64-apple-darwin15.5.0'
build_alias=''
build_cpu='x86_64'
build_os='darwin15.5.0'
build_vendor='apple'
datadir='${datarootdir}'
datarootdir='${prefix}/share'
docdir='${datarootdir}/doc/${PACKAGE_TARNAME}'
dvidir='${docdir}'
exec_prefix='${prefix}'
host='x86_64-apple-darwin15.5.0'
host_alias=''
host_cpu='x86_64'
host_os='darwin15.5.0'
host_vendor='apple'
htmldir='${docdir}'
includedir='${prefix}/include'
infodir='${datarootdir}/info'
install_sh='${SHELL} /Users/saladi/ronn/install-sh'
libdir='${exec_prefix}/lib'
libexecdir='${exec_prefix}/libexec'
localedir='${datarootdir}/locale'
localstatedir='${prefix}/var'
mandir='${datarootdir}/man'
mkdir_p='$(top_builddir)/./install-sh -c -d'
oldincludedir='/usr/include'
pdfdir='${docdir}'
prefix='/usr/local/RONNv3_2'
program_transform_name='s,x,x,'
psdir='${docdir}'
sbindir='${exec_prefix}/sbin'
sharedstatedir='${prefix}/com'
sysconfdir='${prefix}/etc'
target_alias=''

## ----------- ##
## confdefs.h. ##
## ----------- ##

/* confdefs.h */
#define PACKAGE_NAME "RONN"
#define PACKAGE_TARNAME "ronn"
#define PACKAGE_VERSION "3.2"
#define PACKAGE_STRING "RONN 3.2"
#define PACKAGE_BUGREPORT "varun@strubi.ox.ac.uk"
#define PACKAGE_URL ""
#define PACKAGE "ronn"
#define VERSION "3.2"
#define STDC_HEADERS 1
#define HAVE_SYS_TYPES_H 1
#define HAVE_SYS_STAT_H 1
#define HAVE_STDLIB_H 1
#define HAVE_STRING_H 1
#define HAVE_MEMORY_H 1
#define HAVE_STRINGS_H 1
#define HAVE_INTTYPES_H 1
#define HAVE_STDINT_H 1
#define HAVE_UNISTD_H 1
#define HAVE_DLFCN_H 1
#define LT_OBJDIR ".libs/"

configure: exit 0
